<?xml version="1.0" encoding="UTF-8"?>
<!-- Generated by org.testng.reporters.JUnitReportReporter -->
<testsuite skipped="0" hostname="IM-LP-156" name="Selenium_Git.Git" tests="1" failures="0" timestamp="02 Jul 2019 08:48:52 GMT" time="0.022" errors="0">
  <testcase name="test" time="0.022" classname="Selenium_Git.Git"/>
</testsuite> <!-- Selenium_Git.Git -->
